This is pdfTeX, Version 3.14159265-2.6-1.40.15 (TeX Live 2015/dev/Debian) (preloaded format=pdflatex 2016.1.8)  10 JAN 2016 23:57
entering extended mode
 restricted \write18 enabled.
 %&-line parsing enabled.
**report.tex
(./report.tex
LaTeX2e <2014/05/01>
Babel <3.9l> and hyphenation patterns for 79 languages loaded.
(./config.tex (/usr/share/texmf/tex/latex/eskdx/eskdtext.cls
Document Class: eskdtext 2010/01/14 v0.98 Textual Documentation
(/usr/share/texlive/texmf-dist/tex/latex/extsizes/extarticle.cls
Document Class: extarticle 1996/10/08 v1.0 Non Standard LaTeX document class
(/usr/share/texlive/texmf-dist/tex/latex/base/size12.clo
File: size12.clo 2014/09/29 v1.4h Standard LaTeX file (size option)
)
(/usr/share/texlive/texmf-dist/tex/latex/base/exscale.sty
Package: exscale 2014/09/29 v2.1h Standard LaTeX package exscale
LaTeX Font Info:    Redeclaring symbol font `largesymbols' on input line 52.
LaTeX Font Info:    Overwriting symbol font `largesymbols' in version `normal'
(Font)                  OMX/cmex/m/n --> OMX/cmex/m/n on input line 52.
LaTeX Font Info:    Overwriting symbol font `largesymbols' in version `bold'
(Font)                  OMX/cmex/m/n --> OMX/cmex/m/n on input line 52.
\big@size=\dimen102
)
\c@part=\count79
\c@section=\count80
\c@subsection=\count81
\c@subsubsection=\count82
\c@paragraph=\count83
\c@subparagraph=\count84
\c@figure=\count85
\c@table=\count86
\abovecaptionskip=\skip41
\belowcaptionskip=\skip42
\bibindent=\dimen103
)
(/usr/share/texmf/tex/latex/eskdx/eskdlang.sty
Package: eskdlang 2010/01/14 v0.98 Language

(/usr/share/texlive/texmf-dist/tex/generic/babel/babel.sty
Package: babel 2014/09/25 3.9l The Babel package

(/usr/share/texlive/texmf-dist/tex/generic/babel-russian/russianb.ldf
Language: russianb 2014/10/21 1.3f Russian support for the Babel system

(/usr/share/texlive/texmf-dist/tex/generic/babel/babel.def
File: babel.def 2014/09/25 3.9l Babel common definitions
\babel@savecnt=\count87
\U@D=\dimen104
)

Package babel Warning: No Cyrillic font encoding has been loaded so far.
(babel)                A font encoding should be declared before babel.
(babel)                Default `T2A' encoding will be loaded  on input line 69.


(/usr/share/texlive/texmf-dist/tex/latex/cyrillic/t2aenc.def
File: t2aenc.def 2005/09/27 v1.0i Cyrillic encoding definition file
)

Package babel Warning: No input encoding specified for Russian language on inpu
t line 110.

Package babel Info: Making " an active character on input line 111.
)) (/usr/share/texmf/tex/latex/eskdx/eskdrussian.def
File: eskdrussian.def 2010/01/17 v0.98 Language File
\ESKDexplanWidth=\skip43
))
(/usr/share/texmf/tex/latex/eskdx/eskdstamp.sty
Package: eskdstamp 2011/05/06 v0.98 Stamp GOST 2.104-68

(/usr/share/texlive/texmf-dist/tex/latex/tools/calc.sty
Package: calc 2014/10/28 v4.3 Infix arithmetic (KKT,FJ)
\calc@Acount=\count88
\calc@Bcount=\count89
\calc@Adimen=\dimen105
\calc@Bdimen=\dimen106
\calc@Askip=\skip44
\calc@Bskip=\skip45
LaTeX Info: Redefining \setlength on input line 75.
LaTeX Info: Redefining \addtolength on input line 76.
\calc@Ccount=\count90
\calc@Cskip=\skip46
)
\ESKD@margin@si=\skip47
\ESKD@margin@so=\skip48
\ESKD@margin@t=\skip49
\ESKD@margin@b=\skip50
\ESKDlineThick=\skip51
\ESKDlineThin=\skip52
\ESKD@padding@h=\skip53
\ESKD@padding@v=\skip54

(/usr/share/texlive/texmf-dist/tex/latex/graphics/keyval.sty
Package: keyval 2014/05/08 v1.15 key=value parser (DPC)
\KV@toks@=\toks14
)
(/usr/share/texlive/texmf-dist/tex/latex/geometry/geometry.sty
Package: geometry 2010/09/12 v5.6 Page Geometry

(/usr/share/texlive/texmf-dist/tex/generic/oberdiek/ifpdf.sty
Package: ifpdf 2011/01/30 v2.3 Provides the ifpdf switch (HO)
Package ifpdf Info: pdfTeX in PDF mode is detected.
)
(/usr/share/texlive/texmf-dist/tex/generic/oberdiek/ifvtex.sty
Package: ifvtex 2010/03/01 v1.5 Detect VTeX and its facilities (HO)
Package ifvtex Info: VTeX not detected.
)
(/usr/share/texlive/texmf-dist/tex/generic/ifxetex/ifxetex.sty
Package: ifxetex 2010/09/12 v0.6 Provides ifxetex conditional
)
\Gm@cnth=\count91
\Gm@cntv=\count92
\c@Gm@tempcnt=\count93
\Gm@bindingoffset=\dimen107
\Gm@wd@mp=\dimen108
\Gm@odd@mp=\dimen109
\Gm@even@mp=\dimen110
\Gm@layoutwidth=\dimen111
\Gm@layoutheight=\dimen112
\Gm@layouthoffset=\dimen113
\Gm@layoutvoffset=\dimen114
\Gm@dimlist=\toks15
)
(/usr/share/texlive/texmf-dist/tex/latex/lastpage/lastpage.sty
Package: lastpage 2013/01/28 v1.2l Refers to last page's name (HMM; JPG)
)
\ESKD@tmpdima=\skip55
\ESKD@tmpdimb=\skip56
\ESKD@tmpdimc=\skip57
\ESKD@tmpcnta=\count94
\ESKD@tmpcntb=\count95
\ESKD@zonelabel@hc=\count96
\ESKD@zonelabel@vc=\count97
\ESKD@zonelabel@hs=\skip58
\ESKD@zonelabel@vs=\skip59
\ESKD@zonelabel@cnt=\count98
\ESKD@origin@x=\skip60
\ESKD@origin@y=\skip61
\ESKDframeX=\skip62
\ESKDframeY=\skip63
\ESKDframeW=\skip64
\ESKDframeH=\skip65
\ESKDstampX=\skip66
\ESKDstampY=\skip67

(/usr/share/texmf/tex/latex/eskdx/eskdfont.sty
Package: eskdfont 2010/01/14 v0.98 Font Definitions
)
(/usr/share/texlive/texmf-dist/tex/latex/rotating/rotating.sty
Package: rotating 2009/03/28 v2.16a rotated objects in LaTeX

(/usr/share/texlive/texmf-dist/tex/latex/graphics/graphicx.sty
Package: graphicx 2014/04/25 v1.0g Enhanced LaTeX Graphics (DPC,SPQR)

(/usr/share/texlive/texmf-dist/tex/latex/graphics/graphics.sty
Package: graphics 2009/02/05 v1.0o Standard LaTeX Graphics (DPC,SPQR)

(/usr/share/texlive/texmf-dist/tex/latex/graphics/trig.sty
Package: trig 1999/03/16 v1.09 sin cos tan (DPC)
)
(/usr/share/texlive/texmf-dist/tex/latex/latexconfig/graphics.cfg
File: graphics.cfg 2010/04/23 v1.9 graphics configuration of TeX Live
)
Package graphics Info: Driver file: pdftex.def on input line 91.

(/usr/share/texlive/texmf-dist/tex/latex/pdftex-def/pdftex.def
File: pdftex.def 2011/05/27 v0.06d Graphics/color for pdfTeX

(/usr/share/texlive/texmf-dist/tex/generic/oberdiek/infwarerr.sty
Package: infwarerr 2010/04/08 v1.3 Providing info/warning/error messages (HO)
)
(/usr/share/texlive/texmf-dist/tex/generic/oberdiek/ltxcmds.sty
Package: ltxcmds 2011/11/09 v1.22 LaTeX kernel commands for general use (HO)
)
\Gread@gobject=\count99
))
\Gin@req@height=\dimen115
\Gin@req@width=\dimen116
)
(/usr/share/texlive/texmf-dist/tex/latex/base/ifthen.sty
Package: ifthen 2014/09/29 v1.1c Standard LaTeX ifthen package (DPC)
)
\c@r@tfl@t=\count100
\rotFPtop=\skip68
\rotFPbot=\skip69
\rot@float@box=\box26
\rot@mess@toks=\toks16
)
\ESKD@frame@box=\box27
\ESKD@stamp@i@box=\box28
\ESKD@stamp@ii@box=\box29
\ESKD@stamp@ii@a@box=\box30
\ESKD@stamp@ii@b@box=\box31
\ESKD@columns@xix@box=\box32

(/usr/share/texmf/tex/latex/eskdx/eskdhash.sty
Package: eskdhash 2010/01/14 v0.98 Hash Routines
)
\ESKD@hash@c@@style@draw@empty=\count101
\ESKD@hash@p@@style@draw@empty=\count102
\ESKD@hash@c@@style@draw@title=\count103
\ESKD@hash@p@@style@draw@title=\count104
\ESKD@hash@c@@style@draw@formI=\count105
\ESKD@hash@p@@style@draw@formI=\count106
\ESKD@hash@c@@style@draw@formII=\count107
\ESKD@hash@p@@style@draw@formII=\count108
\ESKD@hash@c@@style@draw@formIIab=\count109
\ESKD@hash@p@@style@draw@formIIab=\count110
\ESKD@curpad@h=\skip70
\ESKD@curpad@v=\skip71

(/usr/share/texlive/texmf-dist/tex/latex/ms/everyshi.sty
Package: everyshi 2001/05/15 v3.00 EveryShipout Package (MS)
)
(/usr/share/texlive/texmf-dist/tex/latex/changepage/chngpage.sty
Package: chngpage 2009/10/20 v1.2b change page layout
\c@cp@cnt=\count111
\c@cp@tempcnt=\count112
)
(/usr/share/texmf/tex/latex/eskdx/eskdinfo.sty
Package: eskdinfo 2010/01/14 v0.98 Document Information

(/usr/share/texmf/tex/latex/eskdx/eskdafterpkg.sty
Package: eskdafterpkg 2010/01/14 v0.98 Apply Commands After Package
)
After Package Info: Collect commands for hyperref on input line 99
))
(/usr/share/texmf/tex/latex/eskdx/eskdindent.sty
Package: eskdindent 2010/01/14 v0.98 Paragraph Indent

(/usr/share/texlive/texmf-dist/tex/latex/tools/indentfirst.sty
Package: indentfirst 1995/11/23 v1.03 Indent first paragraph (DPC)
))
(/usr/share/texmf/tex/latex/eskdx/eskdlist.sty
Package: eskdlist 2010/01/14 v0.98 List
)
(/usr/share/texmf/tex/latex/eskdx/eskdsect.sty
Package: eskdsect 2010/01/14 v0.98 Sectioning
\ESKDsectionSkipBefore=\skip72
\ESKDsectionSkipAfter=\skip73
\ESKDsubsectionSkipBefore=\skip74
\ESKDsubsectionSkipAfter=\skip75
\ESKDsubsubsectionSkipBefore=\skip76
\ESKDsubsubsectionSkipAfter=\skip77
\c@point=\count113
\c@subpoint=\count114
\c@subsubpoint=\count115
\c@appendix=\count116
\ESKDappendixSkip=\skip78
)
(/usr/share/texmf/tex/latex/eskdx/eskdcap.sty
Package: eskdcap 2010/01/14 v0.98 Captions

(/usr/share/texlive/texmf-dist/tex/latex/caption/caption.sty
Package: caption 2013/05/02 v3.3-89 Customizing captions (AR)

(/usr/share/texlive/texmf-dist/tex/latex/caption/caption3.sty
Package: caption3 2013/05/02 v1.6-88 caption3 kernel (AR)
Package caption3 Info: TeX engine: e-TeX on input line 57.
\captionmargin=\dimen117
\captionmargin@=\dimen118
\captionwidth=\dimen119
\caption@tempdima=\dimen120
\caption@indent=\dimen121
\caption@parindent=\dimen122
\caption@hangindent=\dimen123
)
\c@ContinuedFloat=\count117
Package caption Info: rotating package is loaded.
))
(/usr/share/texmf/tex/latex/eskdx/eskdfootnote.sty
Package: eskdfootnote 2010/01/14 v0.98 Footnote Settings

(/usr/share/texlive/texmf-dist/tex/latex/amsmath/amsmath.sty
Package: amsmath 2013/01/14 v2.14 AMS math features
\@mathmargin=\skip79

For additional information on amsmath, use the `?' option.
(/usr/share/texlive/texmf-dist/tex/latex/amsmath/amstext.sty
Package: amstext 2000/06/29 v2.01

(/usr/share/texlive/texmf-dist/tex/latex/amsmath/amsgen.sty
File: amsgen.sty 1999/11/30 v2.0
\@emptytoks=\toks17
\ex@=\dimen124
))
(/usr/share/texlive/texmf-dist/tex/latex/amsmath/amsbsy.sty
Package: amsbsy 1999/11/29 v1.2d
\pmbraise@=\dimen125
)
(/usr/share/texlive/texmf-dist/tex/latex/amsmath/amsopn.sty
Package: amsopn 1999/12/14 v2.01 operator names
)
\inf@bad=\count118
LaTeX Info: Redefining \frac on input line 210.
\uproot@=\count119
\leftroot@=\count120
LaTeX Info: Redefining \overline on input line 306.
\classnum@=\count121
\DOTSCASE@=\count122
LaTeX Info: Redefining \ldots on input line 378.
LaTeX Info: Redefining \dots on input line 381.
LaTeX Info: Redefining \cdots on input line 466.
\Mathstrutbox@=\box33
\strutbox@=\box34
\big@size=\dimen126
LaTeX Font Info:    Redeclaring font encoding OML on input line 566.
LaTeX Font Info:    Redeclaring font encoding OMS on input line 567.
\macc@depth=\count123
\c@MaxMatrixCols=\count124
\dotsspace@=\muskip10
\c@parentequation=\count125
\dspbrk@lvl=\count126
\tag@help=\toks18
\row@=\count127
\column@=\count128
\maxfields@=\count129
\andhelp@=\toks19
\eqnshift@=\dimen127
\alignsep@=\dimen128
\tagshift@=\dimen129
\tagwidth@=\dimen130
\totwidth@=\dimen131
\lineht@=\dimen132
\@envbody=\toks20
\multlinegap=\skip80
\multlinetaggap=\skip81
\mathdisplay@stack=\toks21
LaTeX Info: Redefining \[ on input line 2665.
LaTeX Info: Redefining \] on input line 2666.
)
(/usr/share/texlive/texmf-dist/tex/latex/oberdiek/zref-perpage.sty
Package: zref-perpage 2012/04/04 v2.24 Module perpage for zref (HO)

(/usr/share/texlive/texmf-dist/tex/latex/oberdiek/zref-base.sty
Package: zref-base 2012/04/04 v2.24 Module base for zref (HO)

(/usr/share/texlive/texmf-dist/tex/generic/oberdiek/kvsetkeys.sty
Package: kvsetkeys 2012/04/25 v1.16 Key value parser (HO)

(/usr/share/texlive/texmf-dist/tex/generic/oberdiek/etexcmds.sty
Package: etexcmds 2011/02/16 v1.5 Avoid name clashes with e-TeX commands (HO)

(/usr/share/texlive/texmf-dist/tex/generic/oberdiek/ifluatex.sty
Package: ifluatex 2010/03/01 v1.3 Provides the ifluatex switch (HO)
Package ifluatex Info: LuaTeX not detected.
)
Package etexcmds Info: Could not find \expanded.
(etexcmds)             That can mean that you are not using pdfTeX 1.50 or
(etexcmds)             that some package has redefined \expanded.
(etexcmds)             In the latter case, load this package earlier.
))
(/usr/share/texlive/texmf-dist/tex/generic/oberdiek/kvdefinekeys.sty
Package: kvdefinekeys 2011/04/07 v1.3 Define keys (HO)
)
(/usr/share/texlive/texmf-dist/tex/generic/oberdiek/pdftexcmds.sty
Package: pdftexcmds 2011/11/29 v0.20 Utility functions of pdfTeX for LuaTeX (HO
)
Package pdftexcmds Info: LuaTeX not detected.
Package pdftexcmds Info: \pdf@primitive is available.
Package pdftexcmds Info: \pdf@ifprimitive is available.
Package pdftexcmds Info: \pdfdraftmode found.
)
(/usr/share/texlive/texmf-dist/tex/latex/oberdiek/auxhook.sty
Package: auxhook 2011/03/04 v1.3 Hooks for auxiliary files (HO)
)
Package zref Info: New property list: main on input line 759.
Package zref Info: New property: default on input line 760.
Package zref Info: New property: page on input line 761.
)
(/usr/share/texlive/texmf-dist/tex/latex/oberdiek/zref-abspage.sty
Package: zref-abspage 2012/04/04 v2.24 Module abspage for zref (HO)

(/usr/share/texlive/texmf-dist/tex/generic/oberdiek/atbegshi.sty
Package: atbegshi 2011/10/05 v1.16 At begin shipout hook (HO)
)
\c@abspage=\count130
Package zref Info: New property: abspage on input line 62.
)
Package zref Info: New property: pagevalue on input line 54.
Package zref Info: New property list: perpage on input line 55.
\c@zpage=\count131
\c@zref@unique=\count132
))
(/usr/share/texmf/tex/latex/eskdx/eskdbiblist.sty
Package: eskdbiblist 2010/01/14 v0.98 Bibliography List
)
(/usr/share/texmf/tex/latex/eskdx/eskdexplan.sty
Package: eskdexplan 2010/01/19 v0.98 ESKD Explanation
\ESKDexplanIndent=\skip82
)
(/usr/share/texmf/tex/latex/eskdx/eskdtitlebase.sty
Package: eskdtitlebase 2010/01/14 v0.98 Base Title Commands
\ESKD@title@agreed@cnt=\count133
\ESKD@title@designed@cnt=\count134
)
(/usr/share/texmf/tex/latex/eskdx/eskdtitle.sty
Package: eskdtitle 2010/01/14 v0.98 Title GOST 2.105
))
(/usr/share/texmf/tex/latex/eskdx/eskdplain.sty
Package: eskdplain 2011/05/09 v0.98 Plain Page Style
\ESKD@hash@c@@style@draw@plain=\count135
\ESKD@hash@p@@style@draw@plain=\count136
)
(/usr/share/texlive/texmf-dist/tex/latex/base/inputenc.sty
Package: inputenc 2014/04/30 v1.2b Input encoding file
\inpenc@prehook=\toks22
\inpenc@posthook=\toks23

(/usr/share/texlive/texmf-dist/tex/latex/ucs/utf8x.def
File: utf8x.def 2004/10/17 UCS: Input encoding UTF-8
))
(/usr/share/texlive/texmf-dist/tex/latex/ucs/ucs.sty
Package: ucs 2013/05/11 v2.2 UCS: Unicode input support

(/usr/share/texlive/texmf-dist/tex/latex/ucs/data/uni-global.def
File: uni-global.def 2013/05/13 UCS: Unicode global data
)
\uc@secondtry=\count137
\uc@combtoks=\toks24
\uc@combtoksb=\toks25
\uc@temptokena=\toks26
)
(/usr/share/texmf/tex/latex/scalable-cyrfonts-tex/cyrtimes.sty
Package: cyrtimes 2001/02/08 scalable-cyrfonts
)
(/usr/share/texlive/texmf-dist/tex/latex/enumitem/enumitem.sty
Package: enumitem 2011/09/28 v3.5.2 Customized lists
\labelindent=\skip83
\enit@outerparindent=\dimen133
\enit@toks=\toks27
\enit@inbox=\box35
\enitdp@description=\count138
)
(/usr/share/texlive/texmf-dist/tex/latex/titlesec/titlesec.sty
Package: titlesec 2011/12/15 v2.10.0 Sectioning titles
\ttl@box=\box36
\beforetitleunit=\skip84
\aftertitleunit=\skip85
\ttl@plus=\dimen134
\ttl@minus=\dimen135
\ttl@toksa=\toks28
\titlewidth=\dimen136
\titlewidthlast=\dimen137
\titlewidthfirst=\dimen138
)
(/usr/share/texlive/texmf-dist/tex/latex/tools/longtable.sty
Package: longtable 2014/10/28 v4.11 Multi-page Table package (DPC)
\LTleft=\skip86
\LTright=\skip87
\LTpre=\skip88
\LTpost=\skip89
\LTchunksize=\count139
\LTcapwidth=\dimen139
\LT@head=\box37
\LT@firsthead=\box38
\LT@foot=\box39
\LT@lastfoot=\box40
\LT@cols=\count140
\LT@rows=\count141
\c@LT@tables=\count142
\c@LT@chunks=\count143
\LT@p@ftn=\toks29
)
(/usr/share/texlive/texmf-dist/tex/latex/tools/tabularx.sty
Package: tabularx 2014/10/28 v2.10 `tabularx' package (DPC)

(/usr/share/texlive/texmf-dist/tex/latex/tools/array.sty
Package: array 2014/10/28 v2.4c Tabular extension package (FMi)
\col@sep=\dimen140
\extrarowheight=\dimen141
\NC@list=\toks30
\extratabsurround=\skip90
\backup@length=\skip91
)
\TX@col@width=\dimen142
\TX@old@table=\dimen143
\TX@old@col=\dimen144
\TX@target=\dimen145
\TX@delta=\dimen146
\TX@cols=\count144
\TX@ftn=\toks31
)
(/usr/share/texmf/tex/latex/eskdx/eskdtotal.sty
Package: eskdtotal 2010/01/14 v0.98 Total number of tables, figures, etc
\c@ESKD@figure=\count145
\c@ESKD@table=\count146
\c@ESKD@bibitem=\count147
)
(/usr/share/texlive/texmf-dist/tex/latex/listings/listings.sty
\lst@mode=\count148
\lst@gtempboxa=\box41
\lst@token=\toks32
\lst@length=\count149
\lst@currlwidth=\dimen147
\lst@column=\count150
\lst@pos=\count151
\lst@lostspace=\dimen148
\lst@width=\dimen149
\lst@newlines=\count152
\lst@lineno=\count153
\lst@maxwidth=\dimen150

(/usr/share/texlive/texmf-dist/tex/latex/listings/lstmisc.sty
File: lstmisc.sty 2014/09/06 1.5e (Carsten Heinz)
\c@lstnumber=\count154
\lst@skipnumbers=\count155
\lst@framebox=\box42
)
(/usr/share/texlive/texmf-dist/tex/latex/listings/listings.cfg
File: listings.cfg 2014/09/06 1.5e listings configuration
))
Package: listings 2014/09/06 1.5e (Carsten Heinz)
) (./report.aux
LaTeX Font Info:    Try loading font information for T2A+cmr on input line 5.
(/usr/share/texlive/texmf-dist/tex/latex/cyrillic/t2acmr.fd
File: t2acmr.fd 2001/08/11 v1.0a Computer Modern Cyrillic font definitions
))
\openout1 = `report.aux'.

LaTeX Font Info:    Checking defaults for OML/cmm/m/it on input line 3.
LaTeX Font Info:    ... okay on input line 3.
LaTeX Font Info:    Checking defaults for T1/cmr/m/n on input line 3.
LaTeX Font Info:    ... okay on input line 3.
LaTeX Font Info:    Checking defaults for OT1/cmr/m/n on input line 3.
LaTeX Font Info:    ... okay on input line 3.
LaTeX Font Info:    Checking defaults for OMS/cmsy/m/n on input line 3.
LaTeX Font Info:    ... okay on input line 3.
LaTeX Font Info:    Checking defaults for OMX/cmex/m/n on input line 3.
LaTeX Font Info:    ... okay on input line 3.
LaTeX Font Info:    Checking defaults for U/cmr/m/n on input line 3.
LaTeX Font Info:    ... okay on input line 3.
LaTeX Font Info:    Checking defaults for T2A/cmr/m/n on input line 3.
LaTeX Font Info:    ... okay on input line 3.
LaTeX Font Info:    Try loading font information for OT1+ftm on input line 3.

(/usr/share/texmf/tex/latex/scalable-cyrfonts-tex/ot1ftm.fd
File: ot1ftm.fd 2014/01/03 Fontinst v1.933 font definitions for OT1/ftm.
)
LaTeX Font Info:    Try loading font information for T2A+ftm on input line 3.

(/usr/share/texmf/tex/latex/scalable-cyrfonts-tex/t2aftm.fd
File: t2aftm.fd 2014/01/03 Fontinst v1.933 font definitions for T2A/ftm.
)
*geometry* driver: auto-detecting
*geometry* detected driver: pdftex
*geometry* verbose mode - [ preamble ] result:
* driver: pdftex
* paper: a4paper
* layout: <same size as paper>
* layoutoffset:(h,v)=(0.0pt,0.0pt)
* modes: 
* h-part:(L,W,R)=(65.44131pt, 509.30438pt, 22.76218pt)
* v-part:(T,H,B)=(42.67911pt, 759.68863pt, 42.67911pt)
* \paperwidth=597.50787pt
* \paperheight=845.04684pt
* \textwidth=509.30438pt
* \textheight=759.68863pt
* \oddsidemargin=-6.82867pt
* \evensidemargin=-6.82867pt
* \topmargin=-29.59088pt
* \headheight=0.0pt
* \headsep=0.0pt
* \topskip=12.0pt
* \footskip=0.0pt
* \marginparwidth=44.0pt
* \marginparsep=10.0pt
* \columnsep=10.0pt
* \skip\footins=10.8pt plus 4.0pt minus 2.0pt
* \hoffset=0.0pt
* \voffset=0.0pt
* \mag=1000
* \@twocolumnfalse
* \@twosidefalse
* \@mparswitchfalse
* \@reversemarginfalse
* (1in=72.27pt=25.4mm, 1cm=28.453pt)

Package lastpage Info: Please have a look at the pageslts package at
(lastpage)             http://www.ctan.org/tex-archive/ 
(lastpage)             macros/latex/contrib/pageslts/ 
(lastpage)             or
(lastpage)             http://www.ctan.org/tex-archive/ 
(lastpage)             install/macros/latex/contrib/pageslts.tds.zip
(lastpage)             ! on input line 3.
(/usr/share/texlive/texmf-dist/tex/context/base/supp-pdf.mkii
[Loading MPS to PDF converter (version 2006.09.02).]
\scratchcounter=\count156
\scratchdimen=\dimen151
\scratchbox=\box43
\nofMPsegments=\count157
\nofMParguments=\count158
\everyMPshowfont=\toks33
\MPscratchCnt=\count159
\MPscratchDim=\dimen152
\MPnumerator=\count160
\makeMPintoPDFobject=\count161
\everyMPtoPDFconversion=\toks34
) (/usr/share/texlive/texmf-dist/tex/latex/oberdiek/epstopdf-base.sty
Package: epstopdf-base 2010/02/09 v2.5 Base part for package epstopdf

(/usr/share/texlive/texmf-dist/tex/latex/oberdiek/grfext.sty
Package: grfext 2010/08/19 v1.1 Manage graphics extensions (HO)
)
(/usr/share/texlive/texmf-dist/tex/latex/oberdiek/kvoptions.sty
Package: kvoptions 2011/06/30 v3.11 Key value format for package options (HO)
)
Package grfext Info: Graphics extension search list:
(grfext)             [.png,.pdf,.jpg,.mps,.jpeg,.jbig2,.jb2,.PNG,.PDF,.JPG,.JPE
G,.JBIG2,.JB2,.eps]
(grfext)             \AppendGraphicsExtensions on input line 452.

(/usr/share/texlive/texmf-dist/tex/latex/latexconfig/epstopdf-sys.cfg
File: epstopdf-sys.cfg 2010/07/13 v1.3 Configuration of (r)epstopdf for TeX Liv
e
))
ABD: EveryShipout initializing macros
Package caption Info: Begin \AtBeginDocument code.
Package caption Info: Incompatible package detected (regarding \@caption).
(caption)             \@caption = \long macro:#1[#2]#3->\stepcounter {ESKD@#1}\
ESKD@old@caption {#1}[#2]{#3}.


Package caption Warning: \caption will not be redefined since it's already
(caption)                redefined by a document class or package which is
(caption)                unknown to the caption package.
See the caption package documentation for explanation.

Package caption Info: listings package is loaded.
Package caption Info: longtable package is loaded.
(/usr/share/texlive/texmf-dist/tex/latex/caption/ltcaption.sty
Package: ltcaption 2013/02/03 v1.3-62 longtable captions (AR)
)
Package caption Info: End \AtBeginDocument code.
\AtBeginShipoutBox=\box44

(/usr/share/texlive/texmf-dist/tex/latex/ucs/ucsencs.def
File: ucsencs.def 2011/01/21 Fixes to fontencodings LGR, T3
)
\c@lstlisting=\count162
 (./title.tex
(/usr/share/texlive/texmf-dist/tex/latex/ucs/data/uni-4.def
File: uni-4.def 2013/05/13 UCS: Unicode data U+0400..U+04FF
)) (./referat.tex
[3

{/var/lib/texmf/fonts/map/pdftex/updmap/pdftex.map}]) [4] (./report.toc)
\tf@toc=\write3
\openout3 = `report.toc'.


[5] (./intro.tex) [6] (./instruments.tex
<images/1.png, id=16, 659.8251pt x 314.1336pt>
File: images/1.png Graphic file (type png)
 <use images/1.png>
Package pdftex.def Info: images/1.png used on input line 15.
(pdftex.def)             Requested size: 458.37083pt x 218.22395pt.
) [7 <./images/1.png>] (./raspbian_installation.tex
<images/raspbian_1.png, id=20, 731.73375pt x 502.87875pt>
File: images/raspbian_1.png Graphic file (type png)

<use images/raspbian_1.png>
Package pdftex.def Info: images/raspbian_1.png used on input line 4.
(pdftex.def)             Requested size: 407.44505pt x 280.01413pt.
LaTeX Font Info:    Try loading font information for T2A+fcr on input line 13.

(/usr/share/texmf/tex/latex/scalable-cyrfonts-tex/t2afcr.fd
File: t2afcr.fd 2014/01/03 Fontinst v1.933 font definitions for T2A/fcr.
) [8 <./images/raspbian_1.png>]) (./network.tex
<images/network_1.png, id=25, 704.6325pt x 481.8pt>
File: images/network_1.png Graphic file (type png)
 <use images/network_1.png>
Package pdftex.def Info: images/network_1.png used on input line 6.
(pdftex.def)             Requested size: 305.58572pt x 208.94905pt.

<images/network_2.png, id=26, 707.64375pt x 476.78125pt>
File: images/network_2.png Graphic file (type png)

<use images/network_2.png>
Package pdftex.def Info: images/network_2.png used on input line 12.
(pdftex.def)             Requested size: 305.58572pt x 205.89221pt.

<images/network_3.png, id=27, 508.90125pt x 567.11874pt>
File: images/network_3.png Graphic file (type png)

<use images/network_3.png>
Package pdftex.def Info: images/network_3.png used on input line 18.
(pdftex.def)             Requested size: 305.58572pt x 340.55943pt.


LaTeX Warning: `!h' float specifier changed to `!ht'.

[9

 <./images/network_1.png> <./images/network_2.png>] [10 <./images/network_3.png
>]) (./ssh.tex <images/ssh_1.png, id=35, 667.49374pt x 111.41624pt>
File: images/ssh_1.png Graphic file (type png)

<use images/ssh_1.png>
Package pdftex.def Info: images/ssh_1.png used on input line 19.
(pdftex.def)             Requested size: 407.44505pt x 68.0114pt.
 <images/ssh_2.png, id=36, 604.2575pt x 354.32375pt>
File: images/ssh_2.png Graphic file (type png)

<use images/ssh_2.png>
Package pdftex.def Info: images/ssh_2.png used on input line 25.
(pdftex.def)             Requested size: 407.44505pt x 238.9149pt.
 [11

 <./images/ssh_1.png> <./images/ssh_2.png>])
(./driver.tex <images/driver_1.png, id=40, 695.59875pt x 35.13126pt>
File: images/driver_1.png Graphic file (type png)

<use images/driver_1.png>
Package pdftex.def Info: images/driver_1.png used on input line 10.
(pdftex.def)             Requested size: 407.44505pt x 20.57768pt.

<images/driver_2.png, id=41, 502.87875pt x 85.31876pt>
File: images/driver_2.png Graphic file (type png)

<use images/driver_2.png>
Package pdftex.def Info: images/driver_2.png used on input line 17.
(pdftex.def)             Requested size: 254.65219pt x 43.20343pt.

Underfull \hbox (badness 1107) in paragraph at lines 24--25
[]\T2A/ftm/m/n/12 Остается за-гру-зить необ-хо-ди-мый драй-вер (рис. 2.9[]), ус
та-но-вить его и пе-ре-за-гру-зить-ся
 []

<images/driver_3.png, id=42, 807.015pt x 194.7275pt>
File: images/driver_3.png Graphic file (type png)
 <use images/driver_3.png>
Package pdftex.def Info: images/driver_3.png used on input line 27.
(pdftex.def)             Requested size: 407.44505pt x 98.31432pt.

<images/driver_4.png, id=43, 660.4675pt x 281.05pt>
File: images/driver_4.png Graphic file (type png)
 <use images/driver_4.png>
Package pdftex.def Info: images/driver_4.png used on input line 33.
(pdftex.def)             Requested size: 305.58572pt x 130.03932pt.

<images/driver_5.png, id=44, 577.15625pt x 401.5pt>
File: images/driver_5.png Graphic file (type png)
 <use images/driver_5.png>
Package pdftex.def Info: images/driver_5.png used on input line 39.
(pdftex.def)             Requested size: 305.58572pt x 212.59181pt.


LaTeX Warning: `!h' float specifier changed to `!ht'.

[12

 <./images/driver_1.png (PNG copy)> <./images/driver_2.png (PNG copy)> <./image
s/driver_3.png> <./images/driver_4.png>] [13 <./images/driver_5.png>])
(./monitor_mode.tex <images/mm_1.png, id=51, 441.65pt x 87.32625pt>
File: images/mm_1.png Graphic file (type png)

<use images/mm_1.png>
Package pdftex.def Info: images/mm_1.png used on input line 4.
(pdftex.def)             Requested size: 305.58572pt x 60.42574pt.
 <images/mm_2.png, id=52, 388.45125pt x 24.09pt>
File: images/mm_2.png Graphic file (type png)

<use images/mm_2.png>
Package pdftex.def Info: images/mm_2.png used on input line 11.
(pdftex.def)             Requested size: 305.58572pt x 18.95148pt.
 <images/mm_3.png, id=53, 222.8325pt x 211.79124pt>
File: images/mm_3.png Graphic file (type png)

<use images/mm_3.png>
Package pdftex.def Info: images/mm_3.png used on input line 18.
(pdftex.def)             Requested size: 152.79286pt x 145.22154pt.
 <images/mm_4.png, id=54, 615.29875pt x 224.84pt>
File: images/mm_4.png Graphic file (type png)

<use images/mm_4.png>
Package pdftex.def Info: images/mm_4.png used on input line 24.
(pdftex.def)             Requested size: 356.5115pt x 130.27692pt.
 <images/mm_5.png, id=55, 620.3175pt x 226.8475pt>
File: images/mm_5.png Graphic file (type png)

<use images/mm_5.png>
Package pdftex.def Info: images/mm_5.png used on input line 30.
(pdftex.def)             Requested size: 356.5115pt x 130.37398pt.


LaTeX Warning: `!h' float specifier changed to `!ht'.

[14

 <./images/mm_1.png> <./images/mm_2.png> <./images/mm_3.png> <./images/mm_4.png
>] <images/mm_6.png, id=59, 470.75874pt x 56.21pt>
File: images/mm_6.png Graphic file (type png)
 <use images/mm_6.png>
Package pdftex.def Info: images/mm_6.png used on input line 48.
(pdftex.def)             Requested size: 305.58572pt x 36.48802pt.

<images/mm_7.png, id=60, 616.3025pt x 327.2225pt>
File: images/mm_7.png Graphic file (type png)
 <use images/mm_7.png>
Package pdftex.def Info: images/mm_7.png used on input line 70.
(pdftex.def)             Requested size: 407.44505pt x 216.33699pt.


LaTeX Warning: `!h' float specifier changed to `!ht'.

[15 <./images/mm_5.png> <./images/mm_6.png>] [16 <./images/mm_7.png>])
(./tcpdump.tex <images/tcpdump_1.png, id=68, 771.88374pt x 73.27374pt>
File: images/tcpdump_1.png Graphic file (type png)

<use images/tcpdump_1.png>
Package pdftex.def Info: images/tcpdump_1.png used on input line 17.
(pdftex.def)             Requested size: 458.37083pt x 43.51175pt.

<images/wireshark_1.png, id=69, 745.78625pt x 629.35126pt>
File: images/wireshark_1.png Graphic file (type png)

<use images/wireshark_1.png>
Package pdftex.def Info: images/wireshark_1.png used on input line 25.
(pdftex.def)             Requested size: 407.44505pt x 343.82991pt.


LaTeX Warning: `!h' float specifier changed to `!ht'.

<images/tcpdump_2.png, id=70, 1488.56125pt x 312.16624pt>
File: images/tcpdump_2.png Graphic file (type png)

<use images/tcpdump_2.png>
Package pdftex.def Info: images/tcpdump_2.png used on input line 31.
(pdftex.def)             Requested size: 458.37083pt x 96.12273pt.


LaTeX Warning: `!h' float specifier changed to `!ht'.

[17

 <./images/tcpdump_1.png>] [18 <./images/wireshark_1.png> <./images/tcpdump_2.p
ng>]) (./conclusion.tex) [19

] (./report.bbl
Underfull \hbox (badness 10000) in paragraph at lines 12--16
[]\T2A/ftm/m/n/12 Образовательный стан-дарт ВУ-За ОС ТУ-СУР 01-2013 [Элек-трон-
ный ре-сурс]. URL:
 []


Underfull \hbox (badness 10000) in paragraph at lines 25--29
[]\T2A/ftm/m/n/12 Installing Operating System Images on Linux [Элек-трон-ный ре
-сурс]. URL:
 []


Underfull \hbox (badness 10000) in paragraph at lines 25--29
\T2A/ftm/m/n/12 https://www.raspberrypi.org/documentation/installation/installi
ng-images/README.md (да-та об-
 []


Underfull \hbox (badness 10000) in paragraph at lines 32--36
[]\T2A/ftm/m/n/12 Drivers for TL-WN725N V2 --- 3.6.11+ -> 4.1.xx+ [Элек-трон-ны
й ре-сурс]. URL:
 []

! Misplaced alignment tab character &.
l.47 ...berrypi.org/forums/ viewtopic.php?t=24615&
                                                  p=263373 (РґР°С‚Р°
? 

Underfull \hbox (badness 2443) in paragraph at lines 46--49
[]\T2A/ftm/m/n/12 Wifi ad-hoc setup raspbian [Элек-трон-ный ре-сурс]. URL: http
s://www.raspberrypi.org/forums/
 []

) 
AED: lastpage setting LastPage
[20

] (./report.aux) ) 
Here is how much of TeX's memory you used:
 9200 strings out of 493105
 137059 string characters out of 6137073
 218650 words of memory out of 5000000
 12384 multiletter control sequences out of 15000+600000
 20411 words of font info for 42 fonts, out of 8000000 for 9000
 1141 hyphenation exceptions out of 8191
 52i,7n,42p,1080b,634s stack positions out of 5000i,500n,10000p,200000b,80000s
{/usr/share/texmf/fonts/enc/dvips/scalable-cyrfonts-tex/6r.en
c}</usr/share/texmf/fonts/type1/public/scalable-cyrfonts-tex/fcrr6w.pfb></usr/s
hare/texmf/fonts/type1/public/scalable-cyrfonts-tex/ftmr6w.pfb>
Output written on report.pdf (18 pages, 1792191 bytes).
PDF statistics:
 93 PDF objects out of 1000 (max. 8388607)
 48 compressed objects within 1 object stream
 0 named destinations out of 1000 (max. 500000)
 111 words of extra memory for PDF output out of 10000 (max. 10000000)

